<?xml version="1.0" encoding="UTF-8"?>
<!-- Generated by org.testng.reporters.JUnitXMLReporter -->
<testsuite ignored="0" hostname="LAPTOP-0N1NA70U" failures="0" tests="4" name="Default test" time="31.412" errors="0" timestamp="2024-07-01T12:23:55 IST">
  <testcase classname="api.test.UserTests" name="testPostUser" time="17.971"/>
  <testcase classname="api.test.UserTests" name="testGetUserByName" time="6.833"/>
  <testcase classname="api.test.UserTests" name="testupdateUser" time="4.936"/>
  <testcase classname="api.test.UserTests" name="testDeleteUserByName" time="1.411"/>
</testsuite> <!-- Default test -->
