<?xml version="1.0" encoding="UTF-8"?>
<testng-results ignored="0" total="4" passed="4" failed="0" skipped="0">
  <reporter-output>
  </reporter-output>
  <suite started-at="2024-07-21T18:07:44 IST" name="PetSuite" finished-at="2024-07-21T18:07:57 IST" duration-ms="12916">
    <groups>
    </groups>
    <test started-at="2024-07-21T18:07:44 IST" name="PetTests" finished-at="2024-07-21T18:07:57 IST" duration-ms="12916">
      <class name="api.test.UserTests2">
        <test-method is-config="true" signature="setupData()[pri:0, instance:api.test.UserTests2@5ab956d7]" started-at="2024-07-21T18:07:44 IST" name="setupData" finished-at="2024-07-21T18:07:45 IST" duration-ms="1007" status="PASS">
          <reporter-output>
          </reporter-output>
        </test-method> <!-- setupData -->
        <test-method signature="testPostUser()[pri:1, instance:api.test.UserTests2@5ab956d7]" started-at="2024-07-21T18:07:45 IST" name="testPostUser" finished-at="2024-07-21T18:07:50 IST" duration-ms="4278" status="PASS">
          <reporter-output>
          </reporter-output>
        </test-method> <!-- testPostUser -->
        <test-method signature="testGetUserByName()[pri:2, instance:api.test.UserTests2@5ab956d7]" started-at="2024-07-21T18:07:50 IST" name="testGetUserByName" finished-at="2024-07-21T18:07:52 IST" duration-ms="1851" status="PASS">
          <reporter-output>
          </reporter-output>
        </test-method> <!-- testGetUserByName -->
        <test-method signature="testupdateUser()[pri:3, instance:api.test.UserTests2@5ab956d7]" started-at="2024-07-21T18:07:52 IST" name="testupdateUser" finished-at="2024-07-21T18:07:55 IST" duration-ms="3649" status="PASS">
          <reporter-output>
          </reporter-output>
        </test-method> <!-- testupdateUser -->
        <test-method signature="testDeleteUserByName()[pri:4, instance:api.test.UserTests2@5ab956d7]" started-at="2024-07-21T18:07:55 IST" name="testDeleteUserByName" finished-at="2024-07-21T18:07:57 IST" duration-ms="1742" status="PASS">
          <reporter-output>
          </reporter-output>
        </test-method> <!-- testDeleteUserByName -->
      </class> <!-- api.test.UserTests2 -->
    </test> <!-- PetTests -->
  </suite> <!-- PetSuite -->
</testng-results>
