<?xml version="1.0" encoding="UTF-8"?>
<!-- Generated by org.testng.reporters.JUnitXMLReporter -->
<testsuite ignored="0" hostname="LAPTOP-0N1NA70U" failures="0" tests="4" name="PetTests" time="12.916" errors="0" timestamp="2024-07-21T18:07:57 IST">
  <testcase classname="api.test.UserTests2" name="testPostUser" time="4.278"/>
  <testcase classname="api.test.UserTests2" name="testGetUserByName" time="1.851"/>
  <testcase classname="api.test.UserTests2" name="testupdateUser" time="3.649"/>
  <testcase classname="api.test.UserTests2" name="testDeleteUserByName" time="1.742"/>
</testsuite> <!-- PetTests -->
